[debug] [2025-07-04T16:30:19.411Z] ----------------------------------------------------------------------
[debug] [2025-07-04T16:30:19.414Z] Command:       /nix/store/rbdrkcs5kkwpalxcd7c6bnm33lk2955n-nodejs-20.19.0/bin/node /home/user/.global_modules/bin/firebase hosting:disable
[debug] [2025-07-04T16:30:19.415Z] CLI Version:   14.9.0
[debug] [2025-07-04T16:30:19.415Z] Platform:      linux
[debug] [2025-07-04T16:30:19.415Z] Node Version:  v20.19.0
[debug] [2025-07-04T16:30:19.415Z] Time:          Fri Jul 04 2025 16:30:19 GMT+0000 (Coordinated Universal Time)
[debug] [2025-07-04T16:30:19.416Z] ----------------------------------------------------------------------
[debug] 
[debug] [2025-07-04T16:30:20.024Z] > command requires scopes: ["email","openid","https://www.googleapis.com/auth/cloudplatformprojects.readonly","https://www.googleapis.com/auth/firebase","https://www.googleapis.com/auth/cloud-platform"]
[debug] [2025-07-04T16:30:20.025Z] > authorizing via signed-in user (bigmedusa2006@gmail.com)
[debug] [2025-07-04T16:30:20.026Z] [iam] checking project everride-2wkrf for permissions ["firebase.projects.get","firebasehosting.sites.update"]
[debug] [2025-07-04T16:30:20.029Z] No OAuth tokens found
[debug] [2025-07-04T16:30:20.030Z] No OAuth tokens found
[debug] [2025-07-04T16:30:20.030Z] > command requires scopes: ["email","openid","https://www.googleapis.com/auth/cloudplatformprojects.readonly","https://www.googleapis.com/auth/firebase","https://www.googleapis.com/auth/cloud-platform"]
[debug] [2025-07-04T16:30:20.031Z] > authorizing via signed-in user (bigmedusa2006@gmail.com)
[debug] [2025-07-04T16:30:20.034Z] >>> [apiv2][query] POST https://cloudresourcemanager.googleapis.com/v1/projects/everride-2wkrf:testIamPermissions [none]
[debug] [2025-07-04T16:30:20.034Z] >>> [apiv2][(partial)header] POST https://cloudresourcemanager.googleapis.com/v1/projects/everride-2wkrf:testIamPermissions x-goog-quota-user=projects/everride-2wkrf
[debug] [2025-07-04T16:30:20.034Z] >>> [apiv2][body] POST https://cloudresourcemanager.googleapis.com/v1/projects/everride-2wkrf:testIamPermissions {"permissions":["firebase.projects.get","firebasehosting.sites.update"]}
[debug] [2025-07-04T16:30:20.159Z] <<< [apiv2][status] POST https://cloudresourcemanager.googleapis.com/v1/projects/everride-2wkrf:testIamPermissions 401
[debug] [2025-07-04T16:30:20.160Z] <<< [apiv2][body] POST https://cloudresourcemanager.googleapis.com/v1/projects/everride-2wkrf:testIamPermissions {"error":{"code":401,"message":"Request had invalid authentication credentials. Expected OAuth 2 access token, login cookie or other valid authentication credential. See https://developers.google.com/identity/sign-in/web/devconsole-project.","status":"UNAUTHENTICATED","details":[{"@type":"type.googleapis.com/google.rpc.ErrorInfo","reason":"ACCESS_TOKEN_TYPE_UNSUPPORTED","metadata":{"method":"google.cloudresourcemanager.v1.Projects.TestIamPermissions","service":"cloudresourcemanager.googleapis.com"}}]}}
[debug] [2025-07-04T16:30:20.160Z] Got a 401 Unauthenticated error for a call that required authentication. Refreshing tokens.
[debug] [2025-07-04T16:30:20.161Z] No OAuth tokens found
[debug] [2025-07-04T16:30:20.161Z] No OAuth tokens found
[debug] [2025-07-04T16:30:20.161Z] > command requires scopes: ["email","openid","https://www.googleapis.com/auth/cloudplatformprojects.readonly","https://www.googleapis.com/auth/firebase","https://www.googleapis.com/auth/cloud-platform"]
[debug] [2025-07-04T16:30:20.162Z] > authorizing via signed-in user (bigmedusa2006@gmail.com)
[debug] [2025-07-04T16:30:20.163Z] [iam] error while checking permissions, command may fail: Request to https://cloudresourcemanager.googleapis.com/v1/projects/everride-2wkrf:testIamPermissions had HTTP Error: 401, Request had invalid authentication credentials. Expected OAuth 2 access token, login cookie or other valid authentication credential. See https://developers.google.com/identity/sign-in/web/devconsole-project.
[debug] [2025-07-04T16:30:20.164Z] No OAuth tokens found
[debug] [2025-07-04T16:30:20.165Z] >>> [apiv2][query] GET https://firebase.googleapis.com/v1beta1/projects/everride-2wkrf [none]
[debug] [2025-07-04T16:30:20.427Z] <<< [apiv2][status] GET https://firebase.googleapis.com/v1beta1/projects/everride-2wkrf 401
[debug] [2025-07-04T16:30:20.428Z] <<< [apiv2][body] GET https://firebase.googleapis.com/v1beta1/projects/everride-2wkrf {"error":{"code":401,"message":"Request had invalid authentication credentials. Expected OAuth 2 access token, login cookie or other valid authentication credential. See https://developers.google.com/identity/sign-in/web/devconsole-project.","status":"UNAUTHENTICATED"}}
[debug] [2025-07-04T16:30:20.428Z] Got a 401 Unauthenticated error for a call that required authentication. Refreshing tokens.
[debug] [2025-07-04T16:30:20.428Z] No OAuth tokens found
[debug] [2025-07-04T16:30:20.429Z] No OAuth tokens found
[debug] [2025-07-04T16:30:20.429Z] > command requires scopes: ["email","openid","https://www.googleapis.com/auth/cloudplatformprojects.readonly","https://www.googleapis.com/auth/firebase","https://www.googleapis.com/auth/cloud-platform"]
[debug] [2025-07-04T16:30:20.430Z] > authorizing via signed-in user (bigmedusa2006@gmail.com)
[debug] [2025-07-04T16:30:20.431Z] Request to https://firebase.googleapis.com/v1beta1/projects/everride-2wkrf had HTTP Error: 401, Request had invalid authentication credentials. Expected OAuth 2 access token, login cookie or other valid authentication credential. See https://developers.google.com/identity/sign-in/web/devconsole-project.
[debug] [2025-07-04T16:30:20.433Z] FirebaseError: Request to https://firebase.googleapis.com/v1beta1/projects/everride-2wkrf had HTTP Error: 401, Request had invalid authentication credentials. Expected OAuth 2 access token, login cookie or other valid authentication credential. See https://developers.google.com/identity/sign-in/web/devconsole-project.
    at responseToError (/home/user/.global_modules/lib/node_modules/firebase-tools/lib/responseToError.js:52:12)
    at RetryOperation._fn (/home/user/.global_modules/lib/node_modules/firebase-tools/lib/apiv2.js:312:77)
    at process.processTicksAndRejections (node:internal/process/task_queues:95:5)
[error] 
[error] Error: Failed to get Firebase project everride-2wkrf. Please make sure the project exists and your account has permission to access it.
[debug] [2025-07-04T16:35:59.360Z] ----------------------------------------------------------------------
[debug] [2025-07-04T16:35:59.364Z] Command:       /nix/store/rbdrkcs5kkwpalxcd7c6bnm33lk2955n-nodejs-20.19.0/bin/node /home/user/.global_modules/bin/firebase hosting:disable
[debug] [2025-07-04T16:35:59.365Z] CLI Version:   14.9.0
[debug] [2025-07-04T16:35:59.365Z] Platform:      linux
[debug] [2025-07-04T16:35:59.365Z] Node Version:  v20.19.0
[debug] [2025-07-04T16:35:59.365Z] Time:          Fri Jul 04 2025 16:35:59 GMT+0000 (Coordinated Universal Time)
[debug] [2025-07-04T16:35:59.365Z] ----------------------------------------------------------------------
[debug] 
[debug] [2025-07-04T16:35:59.952Z] > command requires scopes: ["email","openid","https://www.googleapis.com/auth/cloudplatformprojects.readonly","https://www.googleapis.com/auth/firebase","https://www.googleapis.com/auth/cloud-platform"]
[debug] [2025-07-04T16:35:59.953Z] > authorizing via signed-in user (bigmedusa2006@gmail.com)
[debug] [2025-07-04T16:35:59.953Z] [iam] checking project everride-2wkrf for permissions ["firebase.projects.get","firebasehosting.sites.update"]
[debug] [2025-07-04T16:35:59.957Z] No OAuth tokens found
[debug] [2025-07-04T16:35:59.958Z] No OAuth tokens found
[debug] [2025-07-04T16:35:59.958Z] > command requires scopes: ["email","openid","https://www.googleapis.com/auth/cloudplatformprojects.readonly","https://www.googleapis.com/auth/firebase","https://www.googleapis.com/auth/cloud-platform"]
[debug] [2025-07-04T16:35:59.959Z] > authorizing via signed-in user (bigmedusa2006@gmail.com)
[debug] [2025-07-04T16:35:59.961Z] >>> [apiv2][query] POST https://cloudresourcemanager.googleapis.com/v1/projects/everride-2wkrf:testIamPermissions [none]
[debug] [2025-07-04T16:35:59.962Z] >>> [apiv2][(partial)header] POST https://cloudresourcemanager.googleapis.com/v1/projects/everride-2wkrf:testIamPermissions x-goog-quota-user=projects/everride-2wkrf
[debug] [2025-07-04T16:35:59.962Z] >>> [apiv2][body] POST https://cloudresourcemanager.googleapis.com/v1/projects/everride-2wkrf:testIamPermissions {"permissions":["firebase.projects.get","firebasehosting.sites.update"]}
[debug] [2025-07-04T16:36:00.074Z] <<< [apiv2][status] POST https://cloudresourcemanager.googleapis.com/v1/projects/everride-2wkrf:testIamPermissions 401
[debug] [2025-07-04T16:36:00.075Z] <<< [apiv2][body] POST https://cloudresourcemanager.googleapis.com/v1/projects/everride-2wkrf:testIamPermissions {"error":{"code":401,"message":"Request had invalid authentication credentials. Expected OAuth 2 access token, login cookie or other valid authentication credential. See https://developers.google.com/identity/sign-in/web/devconsole-project.","status":"UNAUTHENTICATED","details":[{"@type":"type.googleapis.com/google.rpc.ErrorInfo","reason":"ACCESS_TOKEN_TYPE_UNSUPPORTED","metadata":{"method":"google.cloudresourcemanager.v1.Projects.TestIamPermissions","service":"cloudresourcemanager.googleapis.com"}}]}}
[debug] [2025-07-04T16:36:00.075Z] Got a 401 Unauthenticated error for a call that required authentication. Refreshing tokens.
[debug] [2025-07-04T16:36:00.075Z] No OAuth tokens found
[debug] [2025-07-04T16:36:00.076Z] No OAuth tokens found
[debug] [2025-07-04T16:36:00.076Z] > command requires scopes: ["email","openid","https://www.googleapis.com/auth/cloudplatformprojects.readonly","https://www.googleapis.com/auth/firebase","https://www.googleapis.com/auth/cloud-platform"]
[debug] [2025-07-04T16:36:00.076Z] > authorizing via signed-in user (bigmedusa2006@gmail.com)
[debug] [2025-07-04T16:36:00.077Z] [iam] error while checking permissions, command may fail: Request to https://cloudresourcemanager.googleapis.com/v1/projects/everride-2wkrf:testIamPermissions had HTTP Error: 401, Request had invalid authentication credentials. Expected OAuth 2 access token, login cookie or other valid authentication credential. See https://developers.google.com/identity/sign-in/web/devconsole-project.
[debug] [2025-07-04T16:36:00.078Z] No OAuth tokens found
[debug] [2025-07-04T16:36:00.079Z] >>> [apiv2][query] GET https://firebase.googleapis.com/v1beta1/projects/everride-2wkrf [none]
[debug] [2025-07-04T16:36:00.350Z] <<< [apiv2][status] GET https://firebase.googleapis.com/v1beta1/projects/everride-2wkrf 401
[debug] [2025-07-04T16:36:00.351Z] <<< [apiv2][body] GET https://firebase.googleapis.com/v1beta1/projects/everride-2wkrf {"error":{"code":401,"message":"Request had invalid authentication credentials. Expected OAuth 2 access token, login cookie or other valid authentication credential. See https://developers.google.com/identity/sign-in/web/devconsole-project.","status":"UNAUTHENTICATED"}}
[debug] [2025-07-04T16:36:00.351Z] Got a 401 Unauthenticated error for a call that required authentication. Refreshing tokens.
[debug] [2025-07-04T16:36:00.351Z] No OAuth tokens found
[debug] [2025-07-04T16:36:00.351Z] No OAuth tokens found
[debug] [2025-07-04T16:36:00.352Z] > command requires scopes: ["email","openid","https://www.googleapis.com/auth/cloudplatformprojects.readonly","https://www.googleapis.com/auth/firebase","https://www.googleapis.com/auth/cloud-platform"]
[debug] [2025-07-04T16:36:00.352Z] > authorizing via signed-in user (bigmedusa2006@gmail.com)
[debug] [2025-07-04T16:36:00.352Z] Request to https://firebase.googleapis.com/v1beta1/projects/everride-2wkrf had HTTP Error: 401, Request had invalid authentication credentials. Expected OAuth 2 access token, login cookie or other valid authentication credential. See https://developers.google.com/identity/sign-in/web/devconsole-project.
[debug] [2025-07-04T16:36:00.354Z] FirebaseError: Request to https://firebase.googleapis.com/v1beta1/projects/everride-2wkrf had HTTP Error: 401, Request had invalid authentication credentials. Expected OAuth 2 access token, login cookie or other valid authentication credential. See https://developers.google.com/identity/sign-in/web/devconsole-project.
    at responseToError (/home/user/.global_modules/lib/node_modules/firebase-tools/lib/responseToError.js:52:12)
    at RetryOperation._fn (/home/user/.global_modules/lib/node_modules/firebase-tools/lib/apiv2.js:312:77)
    at process.processTicksAndRejections (node:internal/process/task_queues:95:5)
[error] 
[error] Error: Failed to get Firebase project everride-2wkrf. Please make sure the project exists and your account has permission to access it.
